2017-09-13 21:20:11,345 INFO [main] com.gakki.love.LoveGakki - Starting LoveGakki on YYH with PID 9196 (D:\IdeaProjects\LovesGakki\target\classes started by 林漠 in D:\IdeaProjects\LovesGakki)
2017-09-13 21:20:11,392 DEBUG [main] com.gakki.love.LoveGakki - Running with Spring Boot v1.4.2.RELEASE, Spring v4.3.4.RELEASE
2017-09-13 21:20:11,392 INFO [main] com.gakki.love.LoveGakki - No active profile set, falling back to default profiles: default
2017-09-13 21:20:11,639 INFO [background-preinit] o.h.validator.internal.util.Version - HV000001: Hibernate Validator 5.2.4.Final
2017-09-13 21:20:12,278 INFO [main] o.s.b.c.e.AnnotationConfigEmbeddedWebApplicationContext - Refreshing org.springframework.boot.context.embedded.AnnotationConfigEmbeddedWebApplicationContext@54422e18: startup date [Wed Sep 13 21:20:12 CST 2017]; root of context hierarchy
2017-09-13 21:20:14,967 INFO [main] o.s.d.r.c.RepositoryConfigurationDelegate - Multiple Spring Data modules found, entering strict repository configuration mode!
2017-09-13 21:20:15,051 INFO [main] o.s.d.r.c.RepositoryConfigurationDelegate - Multiple Spring Data modules found, entering strict repository configuration mode!
2017-09-13 21:20:15,830 INFO [main] o.s.c.s.PostProcessorRegistrationDelegate$BeanPostProcessorChecker - Bean 'org.springframework.transaction.annotation.ProxyTransactionManagementConfiguration' of type [class org.springframework.transaction.annotation.ProxyTransactionManagementConfiguration$$EnhancerBySpringCGLIB$$197b22f5] is not eligible for getting processed by all BeanPostProcessors (for example: not eligible for auto-proxying)
2017-09-13 21:20:16,599 INFO [main] org.eclipse.jetty.util.log - Logging initialized @15997ms
2017-09-13 21:20:17,231 INFO [main] o.s.b.c.e.j.JettyEmbeddedServletContainerFactory - Server initialized with port: 80
2017-09-13 21:20:17,231 INFO [main] org.eclipse.jetty.server.Server - jetty-9.3.14.v20161028
2017-09-13 21:20:17,668 INFO [main] application - Initializing Spring embedded WebApplicationContext
2017-09-13 21:20:17,668 INFO [main] o.s.web.context.ContextLoader - Root WebApplicationContext: initialization completed in 5390 ms
2017-09-13 21:20:18,053 INFO [main] o.s.b.w.s.FilterRegistrationBean - Mapping filter: 'characterEncodingFilter' to: [/*]
2017-09-13 21:20:18,053 INFO [main] o.s.b.w.s.FilterRegistrationBean - Mapping filter: 'hiddenHttpMethodFilter' to: [/*]
2017-09-13 21:20:18,053 INFO [main] o.s.b.w.s.FilterRegistrationBean - Mapping filter: 'httpPutFormContentFilter' to: [/*]
2017-09-13 21:20:18,053 INFO [main] o.s.b.w.s.FilterRegistrationBean - Mapping filter: 'requestContextFilter' to: [/*]
2017-09-13 21:20:18,053 INFO [main] o.s.b.w.s.DelegatingFilterProxyRegistrationBean - Mapping filter: 'springSecurityFilterChain' to: [/*]
2017-09-13 21:20:18,053 INFO [main] o.s.b.w.s.ServletRegistrationBean - Mapping servlet: 'dispatcherServlet' to [/]
2017-09-13 21:20:19,501 INFO [main] o.e.j.server.handler.ContextHandler - Started o.s.b.c.e.j.JettyEmbeddedWebAppContext@2997ddfc{/,file:///C:/Users/%E6%9E%97%E6%BC%A0/AppData/Local/Temp/jetty-docbase.3961178900441818099.80/,AVAILABLE}
2017-09-13 21:20:19,501 INFO [main] org.eclipse.jetty.server.Server - Started @18913ms
2017-09-13 21:20:20,001 INFO [main] o.s.o.j.LocalContainerEntityManagerFactoryBean - Building JPA container EntityManagerFactory for persistence unit 'default'
2017-09-13 21:20:20,054 INFO [main] o.h.jpa.internal.util.LogHelper - HHH000204: Processing PersistenceUnitInfo [
	name: default
	...]
2017-09-13 21:20:20,701 INFO [main] org.hibernate.Version - HHH000412: Hibernate Core {5.0.11.Final}
2017-09-13 21:20:20,701 INFO [main] org.hibernate.cfg.Environment - HHH000206: hibernate.properties not found
2017-09-13 21:20:20,701 INFO [main] org.hibernate.cfg.Environment - HHH000021: Bytecode provider name : javassist
2017-09-13 21:20:21,218 INFO [main] o.h.annotations.common.Version - HCANN000001: Hibernate Commons Annotations {5.0.1.Final}
2017-09-13 21:20:24,000 INFO [main] org.hibernate.dialect.Dialect - HHH000400: Using dialect: org.hibernate.dialect.MySQL5Dialect
2017-09-13 21:20:27,048 INFO [main] o.h.tool.hbm2ddl.SchemaUpdate - HHH000228: Running hbm2ddl schema update
2017-09-13 21:20:27,179 INFO [main] o.s.o.j.LocalContainerEntityManagerFactoryBean - Initialized JPA EntityManagerFactory for persistence unit 'default'
2017-09-13 21:20:29,162 INFO [main] o.s.w.s.m.m.a.RequestMappingHandlerAdapter - Looking for @ControllerAdvice: org.springframework.boot.context.embedded.AnnotationConfigEmbeddedWebApplicationContext@54422e18: startup date [Wed Sep 13 21:20:12 CST 2017]; root of context hierarchy
2017-09-13 21:20:29,446 INFO [main] o.s.w.s.m.m.a.RequestMappingHandlerMapping - Mapped "{[/error]}" onto public org.springframework.http.ResponseEntity<java.util.Map<java.lang.String, java.lang.Object>> org.springframework.boot.autoconfigure.web.BasicErrorController.error(javax.servlet.http.HttpServletRequest)
2017-09-13 21:20:29,446 INFO [main] o.s.w.s.m.m.a.RequestMappingHandlerMapping - Mapped "{[/error],produces=[text/html]}" onto public org.springframework.web.servlet.ModelAndView org.springframework.boot.autoconfigure.web.BasicErrorController.errorHtml(javax.servlet.http.HttpServletRequest,javax.servlet.http.HttpServletResponse)
2017-09-13 21:20:29,495 INFO [main] o.s.w.s.h.SimpleUrlHandlerMapping - Mapped URL path [/webjars/**] onto handler of type [class org.springframework.web.servlet.resource.ResourceHttpRequestHandler]
2017-09-13 21:20:29,495 INFO [main] o.s.w.s.h.SimpleUrlHandlerMapping - Mapped URL path [/**] onto handler of type [class org.springframework.web.servlet.resource.ResourceHttpRequestHandler]
2017-09-13 21:20:29,547 INFO [main] o.s.w.s.h.SimpleUrlHandlerMapping - Mapped URL path [/**/favicon.ico] onto handler of type [class org.springframework.web.servlet.resource.ResourceHttpRequestHandler]
2017-09-13 21:20:29,578 WARN [main] o.s.b.a.t.AbstractTemplateResolverConfiguration - Cannot find template location: classpath:/templates/ (please add some templates or check your Thymeleaf configuration)
2017-09-13 21:20:30,947 INFO [main] o.s.b.a.s.AuthenticationManagerConfiguration - 

Using default security password: e34859c9-1974-4bca-89cb-f2a0f64db7c6

2017-09-13 21:20:31,062 INFO [main] o.s.s.web.DefaultSecurityFilterChain - Creating filter chain: Ant [pattern='/css/**'], []
2017-09-13 21:20:31,062 INFO [main] o.s.s.web.DefaultSecurityFilterChain - Creating filter chain: Ant [pattern='/js/**'], []
2017-09-13 21:20:31,062 INFO [main] o.s.s.web.DefaultSecurityFilterChain - Creating filter chain: Ant [pattern='/images/**'], []
2017-09-13 21:20:31,062 INFO [main] o.s.s.web.DefaultSecurityFilterChain - Creating filter chain: Ant [pattern='/webjars/**'], []
2017-09-13 21:20:31,062 INFO [main] o.s.s.web.DefaultSecurityFilterChain - Creating filter chain: Ant [pattern='/**/favicon.ico'], []
2017-09-13 21:20:31,062 INFO [main] o.s.s.web.DefaultSecurityFilterChain - Creating filter chain: Ant [pattern='/error'], []
2017-09-13 21:20:31,162 INFO [main] o.s.s.web.DefaultSecurityFilterChain - Creating filter chain: OrRequestMatcher [requestMatchers=[Ant [pattern='/**']]], [org.springframework.security.web.context.request.async.WebAsyncManagerIntegrationFilter@6f6f65a4, org.springframework.security.web.context.SecurityContextPersistenceFilter@309cf657, org.springframework.security.web.header.HeaderWriterFilter@26c6288d, org.springframework.security.web.authentication.logout.LogoutFilter@8ce3f27, org.springframework.security.web.authentication.www.BasicAuthenticationFilter@6b4fd7d, org.springframework.security.web.savedrequest.RequestCacheAwareFilter@49925d21, org.springframework.security.web.servletapi.SecurityContextHolderAwareRequestFilter@2e0163cb, org.springframework.security.web.authentication.AnonymousAuthenticationFilter@990b86b, org.springframework.security.web.session.SessionManagementFilter@49f2646, org.springframework.security.web.access.ExceptionTranslationFilter@2986427e, org.springframework.security.web.access.intercept.FilterSecurityInterceptor@407b41e6]
2017-09-13 21:20:31,398 INFO [main] o.s.w.s.v.v.VelocityConfigurer - ClasspathResourceLoader with name 'springMacro' added to configured VelocityEngine
2017-09-13 21:20:31,432 INFO [main] o.s.ui.velocity.SpringResourceLoader - SpringResourceLoader for Velocity: using resource loader [org.springframework.boot.context.embedded.AnnotationConfigEmbeddedWebApplicationContext@54422e18: startup date [Wed Sep 13 21:20:12 CST 2017]; root of context hierarchy] and resource loader paths [classpath:/templates/]
2017-09-13 21:20:31,547 WARN [main] o.s.b.a.v.VelocityAutoConfiguration - Cannot find template location: classpath:/templates/ (please add some templates, check your Velocity configuration, or set spring.velocity.checkTemplateLocation=false)
2017-09-13 21:20:31,647 INFO [main] o.s.j.e.a.AnnotationMBeanExporter - Registering beans for JMX exposure on startup
2017-09-13 21:20:31,716 INFO [main] application - Initializing Spring FrameworkServlet 'dispatcherServlet'
2017-09-13 21:20:31,731 INFO [main] o.s.web.servlet.DispatcherServlet - FrameworkServlet 'dispatcherServlet': initialization started
2017-09-13 21:20:31,747 INFO [main] o.s.web.servlet.DispatcherServlet - FrameworkServlet 'dispatcherServlet': initialization completed in 16 ms
2017-09-13 21:20:31,896 INFO [main] o.e.jetty.server.AbstractConnector - Stopped ServerConnector@41f23499{HTTP/1.1,[http/1.1]}{0.0.0.0:80}
2017-09-13 21:20:31,899 INFO [main] application - Destroying Spring FrameworkServlet 'dispatcherServlet'
2017-09-13 21:20:31,901 INFO [main] o.e.j.server.handler.ContextHandler - Stopped o.s.b.c.e.j.JettyEmbeddedWebAppContext@2997ddfc{/,file:///C:/Users/%E6%9E%97%E6%BC%A0/AppData/Local/Temp/jetty-docbase.3961178900441818099.80/,UNAVAILABLE}
2017-09-13 21:20:31,901 INFO [main] o.s.b.a.l.AutoConfigurationReportLoggingInitializer - 

Error starting ApplicationContext. To display the auto-configuration report re-run your application with 'debug' enabled.
2017-09-13 21:20:31,932 INFO [main] o.s.b.c.e.AnnotationConfigEmbeddedWebApplicationContext - Closing org.springframework.boot.context.embedded.AnnotationConfigEmbeddedWebApplicationContext@54422e18: startup date [Wed Sep 13 21:20:12 CST 2017]; root of context hierarchy
2017-09-13 21:20:31,932 INFO [main] o.s.j.e.a.AnnotationMBeanExporter - Unregistering JMX-exposed beans on shutdown
2017-09-13 21:20:31,932 INFO [main] o.s.o.j.LocalContainerEntityManagerFactoryBean - Closing JPA EntityManagerFactory for persistence unit 'default'
2017-09-13 21:21:49,421 INFO [main] com.gakki.love.LoveGakki - Starting LoveGakki on YYH with PID 8912 (D:\IdeaProjects\LovesGakki\target\classes started by 林漠 in D:\IdeaProjects\LovesGakki)
2017-09-13 21:21:49,425 DEBUG [main] com.gakki.love.LoveGakki - Running with Spring Boot v1.4.2.RELEASE, Spring v4.3.4.RELEASE
2017-09-13 21:21:49,426 INFO [main] com.gakki.love.LoveGakki - No active profile set, falling back to default profiles: default
2017-09-13 21:21:49,465 INFO [background-preinit] o.h.validator.internal.util.Version - HV000001: Hibernate Validator 5.2.4.Final
2017-09-13 21:21:49,710 INFO [main] o.s.b.c.e.AnnotationConfigEmbeddedWebApplicationContext - Refreshing org.springframework.boot.context.embedded.AnnotationConfigEmbeddedWebApplicationContext@54422e18: startup date [Wed Sep 13 21:21:49 CST 2017]; root of context hierarchy
2017-09-13 21:21:51,101 INFO [main] o.s.d.r.c.RepositoryConfigurationDelegate - Multiple Spring Data modules found, entering strict repository configuration mode!
2017-09-13 21:21:51,202 INFO [main] o.s.d.r.c.RepositoryConfigurationDelegate - Multiple Spring Data modules found, entering strict repository configuration mode!
2017-09-13 21:21:51,734 INFO [main] o.s.c.s.PostProcessorRegistrationDelegate$BeanPostProcessorChecker - Bean 'org.springframework.transaction.annotation.ProxyTransactionManagementConfiguration' of type [class org.springframework.transaction.annotation.ProxyTransactionManagementConfiguration$$EnhancerBySpringCGLIB$$197b22f5] is not eligible for getting processed by all BeanPostProcessors (for example: not eligible for auto-proxying)
2017-09-13 21:21:52,082 INFO [main] org.eclipse.jetty.util.log - Logging initialized @5994ms
2017-09-13 21:21:52,167 INFO [main] o.s.b.c.e.j.JettyEmbeddedServletContainerFactory - Server initialized with port: 80
2017-09-13 21:21:52,167 INFO [main] org.eclipse.jetty.server.Server - jetty-9.3.14.v20161028
2017-09-13 21:21:52,267 INFO [main] application - Initializing Spring embedded WebApplicationContext
2017-09-13 21:21:52,267 INFO [main] o.s.web.context.ContextLoader - Root WebApplicationContext: initialization completed in 2557 ms
2017-09-13 21:21:52,467 INFO [main] o.s.b.w.s.FilterRegistrationBean - Mapping filter: 'characterEncodingFilter' to: [/*]
2017-09-13 21:21:52,467 INFO [main] o.s.b.w.s.FilterRegistrationBean - Mapping filter: 'hiddenHttpMethodFilter' to: [/*]
2017-09-13 21:21:52,467 INFO [main] o.s.b.w.s.FilterRegistrationBean - Mapping filter: 'httpPutFormContentFilter' to: [/*]
2017-09-13 21:21:52,467 INFO [main] o.s.b.w.s.FilterRegistrationBean - Mapping filter: 'requestContextFilter' to: [/*]
2017-09-13 21:21:52,467 INFO [main] o.s.b.w.s.DelegatingFilterProxyRegistrationBean - Mapping filter: 'springSecurityFilterChain' to: [/*]
2017-09-13 21:21:52,467 INFO [main] o.s.b.w.s.ServletRegistrationBean - Mapping servlet: 'dispatcherServlet' to [/]
2017-09-13 21:21:53,838 INFO [main] o.e.j.server.handler.ContextHandler - Started o.s.b.c.e.j.JettyEmbeddedWebAppContext@2997ddfc{/,file:///C:/Users/%E6%9E%97%E6%BC%A0/AppData/Local/Temp/jetty-docbase.1008269323977773208.80/,AVAILABLE}
2017-09-13 21:21:53,838 INFO [main] org.eclipse.jetty.server.Server - Started @7758ms
2017-09-13 21:21:54,154 INFO [main] o.s.o.j.LocalContainerEntityManagerFactoryBean - Building JPA container EntityManagerFactory for persistence unit 'default'
2017-09-13 21:21:54,201 INFO [main] o.h.jpa.internal.util.LogHelper - HHH000204: Processing PersistenceUnitInfo [
	name: default
	...]
2017-09-13 21:21:54,269 INFO [main] org.hibernate.Version - HHH000412: Hibernate Core {5.0.11.Final}
2017-09-13 21:21:54,285 INFO [main] org.hibernate.cfg.Environment - HHH000206: hibernate.properties not found
2017-09-13 21:21:54,285 INFO [main] org.hibernate.cfg.Environment - HHH000021: Bytecode provider name : javassist
2017-09-13 21:21:54,323 INFO [main] o.h.annotations.common.Version - HCANN000001: Hibernate Commons Annotations {5.0.1.Final}
2017-09-13 21:21:54,839 INFO [main] org.hibernate.dialect.Dialect - HHH000400: Using dialect: org.hibernate.dialect.MySQL5Dialect
2017-09-13 21:21:54,985 INFO [main] o.h.tool.hbm2ddl.SchemaUpdate - HHH000228: Running hbm2ddl schema update
2017-09-13 21:21:55,008 INFO [main] o.s.o.j.LocalContainerEntityManagerFactoryBean - Initialized JPA EntityManagerFactory for persistence unit 'default'
2017-09-13 21:21:55,340 INFO [main] o.s.w.s.m.m.a.RequestMappingHandlerAdapter - Looking for @ControllerAdvice: org.springframework.boot.context.embedded.AnnotationConfigEmbeddedWebApplicationContext@54422e18: startup date [Wed Sep 13 21:21:49 CST 2017]; root of context hierarchy
2017-09-13 21:21:55,409 INFO [main] o.s.w.s.m.m.a.RequestMappingHandlerMapping - Mapped "{[/error]}" onto public org.springframework.http.ResponseEntity<java.util.Map<java.lang.String, java.lang.Object>> org.springframework.boot.autoconfigure.web.BasicErrorController.error(javax.servlet.http.HttpServletRequest)
2017-09-13 21:21:55,409 INFO [main] o.s.w.s.m.m.a.RequestMappingHandlerMapping - Mapped "{[/error],produces=[text/html]}" onto public org.springframework.web.servlet.ModelAndView org.springframework.boot.autoconfigure.web.BasicErrorController.errorHtml(javax.servlet.http.HttpServletRequest,javax.servlet.http.HttpServletResponse)
2017-09-13 21:21:55,440 INFO [main] o.s.w.s.h.SimpleUrlHandlerMapping - Mapped URL path [/webjars/**] onto handler of type [class org.springframework.web.servlet.resource.ResourceHttpRequestHandler]
2017-09-13 21:21:55,440 INFO [main] o.s.w.s.h.SimpleUrlHandlerMapping - Mapped URL path [/**] onto handler of type [class org.springframework.web.servlet.resource.ResourceHttpRequestHandler]
2017-09-13 21:21:55,487 INFO [main] o.s.w.s.h.SimpleUrlHandlerMapping - Mapped URL path [/**/favicon.ico] onto handler of type [class org.springframework.web.servlet.resource.ResourceHttpRequestHandler]
2017-09-13 21:21:56,426 INFO [main] o.s.b.a.s.AuthenticationManagerConfiguration - 

Using default security password: cc04142b-85cc-47d8-8c51-3e0b90f9c758

2017-09-13 21:21:56,473 INFO [main] o.s.s.web.DefaultSecurityFilterChain - Creating filter chain: Ant [pattern='/css/**'], []
2017-09-13 21:21:56,473 INFO [main] o.s.s.web.DefaultSecurityFilterChain - Creating filter chain: Ant [pattern='/js/**'], []
2017-09-13 21:21:56,473 INFO [main] o.s.s.web.DefaultSecurityFilterChain - Creating filter chain: Ant [pattern='/images/**'], []
2017-09-13 21:21:56,473 INFO [main] o.s.s.web.DefaultSecurityFilterChain - Creating filter chain: Ant [pattern='/webjars/**'], []
2017-09-13 21:21:56,473 INFO [main] o.s.s.web.DefaultSecurityFilterChain - Creating filter chain: Ant [pattern='/**/favicon.ico'], []
2017-09-13 21:21:56,473 INFO [main] o.s.s.web.DefaultSecurityFilterChain - Creating filter chain: Ant [pattern='/error'], []
2017-09-13 21:21:56,557 INFO [main] o.s.s.web.DefaultSecurityFilterChain - Creating filter chain: OrRequestMatcher [requestMatchers=[Ant [pattern='/**']]], [org.springframework.security.web.context.request.async.WebAsyncManagerIntegrationFilter@1c05097c, org.springframework.security.web.context.SecurityContextPersistenceFilter@4b00d59, org.springframework.security.web.header.HeaderWriterFilter@6c1bebca, org.springframework.security.web.authentication.logout.LogoutFilter@2d172c7, org.springframework.security.web.authentication.www.BasicAuthenticationFilter@e7d0db2, org.springframework.security.web.savedrequest.RequestCacheAwareFilter@309cf657, org.springframework.security.web.servletapi.SecurityContextHolderAwareRequestFilter@3275a47f, org.springframework.security.web.authentication.AnonymousAuthenticationFilter@562f6681, org.springframework.security.web.session.SessionManagementFilter@335972a5, org.springframework.security.web.access.ExceptionTranslationFilter@78743dd8, org.springframework.security.web.access.intercept.FilterSecurityInterceptor@e1a150c]
2017-09-13 21:21:56,658 INFO [main] o.s.w.s.v.v.VelocityConfigurer - ClasspathResourceLoader with name 'springMacro' added to configured VelocityEngine
2017-09-13 21:21:56,811 INFO [main] o.s.j.e.a.AnnotationMBeanExporter - Registering beans for JMX exposure on startup
2017-09-13 21:21:56,827 INFO [main] application - Initializing Spring FrameworkServlet 'dispatcherServlet'
2017-09-13 21:21:56,827 INFO [main] o.s.web.servlet.DispatcherServlet - FrameworkServlet 'dispatcherServlet': initialization started
2017-09-13 21:21:56,843 INFO [main] o.s.web.servlet.DispatcherServlet - FrameworkServlet 'dispatcherServlet': initialization completed in 16 ms
2017-09-13 21:21:56,858 INFO [main] o.e.jetty.server.AbstractConnector - Stopped ServerConnector@36330be8{HTTP/1.1,[http/1.1]}{0.0.0.0:80}
2017-09-13 21:21:56,858 INFO [main] application - Destroying Spring FrameworkServlet 'dispatcherServlet'
2017-09-13 21:21:56,858 INFO [main] o.e.j.server.handler.ContextHandler - Stopped o.s.b.c.e.j.JettyEmbeddedWebAppContext@2997ddfc{/,file:///C:/Users/%E6%9E%97%E6%BC%A0/AppData/Local/Temp/jetty-docbase.1008269323977773208.80/,UNAVAILABLE}
2017-09-13 21:21:56,858 INFO [main] o.s.b.a.l.AutoConfigurationReportLoggingInitializer - 

Error starting ApplicationContext. To display the auto-configuration report re-run your application with 'debug' enabled.
2017-09-13 21:21:56,889 INFO [main] o.s.b.c.e.AnnotationConfigEmbeddedWebApplicationContext - Closing org.springframework.boot.context.embedded.AnnotationConfigEmbeddedWebApplicationContext@54422e18: startup date [Wed Sep 13 21:21:49 CST 2017]; root of context hierarchy
2017-09-13 21:21:56,889 INFO [main] o.s.j.e.a.AnnotationMBeanExporter - Unregistering JMX-exposed beans on shutdown
2017-09-13 21:21:56,889 INFO [main] o.s.o.j.LocalContainerEntityManagerFactoryBean - Closing JPA EntityManagerFactory for persistence unit 'default'
2017-09-13 21:39:17,096 INFO [main] com.gakki.love.LoveGakki - Starting LoveGakki on YYH with PID 9516 (D:\IdeaProjects\LovesGakki\target\classes started by 林漠 in D:\IdeaProjects\LovesGakki)
2017-09-13 21:39:17,165 DEBUG [main] com.gakki.love.LoveGakki - Running with Spring Boot v1.4.2.RELEASE, Spring v4.3.4.RELEASE
2017-09-13 21:39:17,166 INFO [main] com.gakki.love.LoveGakki - No active profile set, falling back to default profiles: default
2017-09-13 21:39:17,459 INFO [background-preinit] o.h.validator.internal.util.Version - HV000001: Hibernate Validator 5.2.4.Final
2017-09-13 21:39:18,946 INFO [main] o.s.b.c.e.AnnotationConfigEmbeddedWebApplicationContext - Refreshing org.springframework.boot.context.embedded.AnnotationConfigEmbeddedWebApplicationContext@3e27ba32: startup date [Wed Sep 13 21:39:18 CST 2017]; root of context hierarchy
2017-09-13 21:39:34,968 INFO [main] o.s.d.r.c.RepositoryConfigurationDelegate - Multiple Spring Data modules found, entering strict repository configuration mode!
2017-09-13 21:39:35,070 INFO [main] o.s.d.r.c.RepositoryConfigurationDelegate - Multiple Spring Data modules found, entering strict repository configuration mode!
2017-09-13 21:39:38,052 INFO [main] o.s.c.s.PostProcessorRegistrationDelegate$BeanPostProcessorChecker - Bean 'org.springframework.transaction.annotation.ProxyTransactionManagementConfiguration' of type [class org.springframework.transaction.annotation.ProxyTransactionManagementConfiguration$$EnhancerBySpringCGLIB$$bb040779] is not eligible for getting processed by all BeanPostProcessors (for example: not eligible for auto-proxying)
2017-09-13 21:39:41,525 INFO [main] org.eclipse.jetty.util.log - Logging initialized @51050ms
2017-09-13 21:39:46,938 INFO [main] o.s.b.c.e.j.JettyEmbeddedServletContainerFactory - Server initialized with port: 80
2017-09-13 21:39:46,940 INFO [main] org.eclipse.jetty.server.Server - jetty-9.3.14.v20161028
2017-09-13 21:39:49,876 INFO [main] application - Initializing Spring embedded WebApplicationContext
2017-09-13 21:39:49,877 INFO [main] o.s.web.context.ContextLoader - Root WebApplicationContext: initialization completed in 30932 ms
2017-09-13 21:39:52,055 INFO [main] o.s.b.w.s.FilterRegistrationBean - Mapping filter: 'characterEncodingFilter' to: [/*]
2017-09-13 21:39:52,055 INFO [main] o.s.b.w.s.FilterRegistrationBean - Mapping filter: 'hiddenHttpMethodFilter' to: [/*]
2017-09-13 21:39:52,056 INFO [main] o.s.b.w.s.FilterRegistrationBean - Mapping filter: 'httpPutFormContentFilter' to: [/*]
2017-09-13 21:39:52,056 INFO [main] o.s.b.w.s.FilterRegistrationBean - Mapping filter: 'requestContextFilter' to: [/*]
2017-09-13 21:39:52,059 INFO [main] o.s.b.w.s.DelegatingFilterProxyRegistrationBean - Mapping filter: 'springSecurityFilterChain' to: [/*]
2017-09-13 21:39:52,059 INFO [main] o.s.b.w.s.ServletRegistrationBean - Mapping servlet: 'dispatcherServlet' to [/]
2017-09-13 21:40:08,242 INFO [main] o.e.j.server.handler.ContextHandler - Started o.s.b.c.e.j.JettyEmbeddedWebAppContext@78d73b1b{/,file:///C:/Users/%E6%9E%97%E6%BC%A0/AppData/Local/Temp/jetty-docbase.4052639096434034429.80/,AVAILABLE}
2017-09-13 21:40:08,242 INFO [main] org.eclipse.jetty.server.Server - Started @77767ms
2017-09-13 21:40:10,459 INFO [main] o.s.o.j.LocalContainerEntityManagerFactoryBean - Building JPA container EntityManagerFactory for persistence unit 'default'
2017-09-13 21:40:10,497 INFO [main] o.h.jpa.internal.util.LogHelper - HHH000204: Processing PersistenceUnitInfo [
	name: default
	...]
2017-09-13 21:40:11,349 INFO [main] org.hibernate.Version - HHH000412: Hibernate Core {5.0.11.Final}
2017-09-13 21:40:11,351 INFO [main] org.hibernate.cfg.Environment - HHH000206: hibernate.properties not found
2017-09-13 21:40:11,353 INFO [main] org.hibernate.cfg.Environment - HHH000021: Bytecode provider name : javassist
2017-09-13 21:40:11,870 INFO [main] o.h.annotations.common.Version - HCANN000001: Hibernate Commons Annotations {5.0.1.Final}
2017-09-13 21:40:13,861 INFO [main] org.hibernate.dialect.Dialect - HHH000400: Using dialect: org.hibernate.dialect.MySQL5Dialect
2017-09-13 21:40:15,656 INFO [main] o.h.tool.hbm2ddl.SchemaUpdate - HHH000228: Running hbm2ddl schema update
2017-09-13 21:40:16,080 INFO [main] o.s.o.j.LocalContainerEntityManagerFactoryBean - Initialized JPA EntityManagerFactory for persistence unit 'default'
2017-09-13 21:40:17,481 INFO [main] o.s.w.s.m.m.a.RequestMappingHandlerAdapter - Looking for @ControllerAdvice: org.springframework.boot.context.embedded.AnnotationConfigEmbeddedWebApplicationContext@3e27ba32: startup date [Wed Sep 13 21:39:18 CST 2017]; root of context hierarchy
2017-09-13 21:40:17,811 INFO [main] o.s.w.s.m.m.a.RequestMappingHandlerMapping - Mapped "{[/error]}" onto public org.springframework.http.ResponseEntity<java.util.Map<java.lang.String, java.lang.Object>> org.springframework.boot.autoconfigure.web.BasicErrorController.error(javax.servlet.http.HttpServletRequest)
2017-09-13 21:40:17,812 INFO [main] o.s.w.s.m.m.a.RequestMappingHandlerMapping - Mapped "{[/error],produces=[text/html]}" onto public org.springframework.web.servlet.ModelAndView org.springframework.boot.autoconfigure.web.BasicErrorController.errorHtml(javax.servlet.http.HttpServletRequest,javax.servlet.http.HttpServletResponse)
2017-09-13 21:40:17,873 INFO [main] o.s.w.s.h.SimpleUrlHandlerMapping - Mapped URL path [/webjars/**] onto handler of type [class org.springframework.web.servlet.resource.ResourceHttpRequestHandler]
2017-09-13 21:40:17,873 INFO [main] o.s.w.s.h.SimpleUrlHandlerMapping - Mapped URL path [/**] onto handler of type [class org.springframework.web.servlet.resource.ResourceHttpRequestHandler]
2017-09-13 21:40:17,943 INFO [main] o.s.w.s.h.SimpleUrlHandlerMapping - Mapped URL path [/**/favicon.ico] onto handler of type [class org.springframework.web.servlet.resource.ResourceHttpRequestHandler]
2017-09-13 21:40:20,023 INFO [main] o.s.b.a.s.AuthenticationManagerConfiguration - 

Using default security password: 3537a9a8-0c64-4319-b44a-5dd5a7624c79

2017-09-13 21:40:20,400 INFO [main] o.s.s.web.DefaultSecurityFilterChain - Creating filter chain: Ant [pattern='/css/**'], []
2017-09-13 21:40:20,401 INFO [main] o.s.s.web.DefaultSecurityFilterChain - Creating filter chain: Ant [pattern='/js/**'], []
2017-09-13 21:40:20,401 INFO [main] o.s.s.web.DefaultSecurityFilterChain - Creating filter chain: Ant [pattern='/images/**'], []
2017-09-13 21:40:20,401 INFO [main] o.s.s.web.DefaultSecurityFilterChain - Creating filter chain: Ant [pattern='/webjars/**'], []
2017-09-13 21:40:20,401 INFO [main] o.s.s.web.DefaultSecurityFilterChain - Creating filter chain: Ant [pattern='/**/favicon.ico'], []
2017-09-13 21:40:20,401 INFO [main] o.s.s.web.DefaultSecurityFilterChain - Creating filter chain: Ant [pattern='/error'], []
2017-09-13 21:40:20,552 INFO [main] o.s.s.web.DefaultSecurityFilterChain - Creating filter chain: OrRequestMatcher [requestMatchers=[Ant [pattern='/**']]], [org.springframework.security.web.context.request.async.WebAsyncManagerIntegrationFilter@6f6f65a4, org.springframework.security.web.context.SecurityContextPersistenceFilter@309cf657, org.springframework.security.web.header.HeaderWriterFilter@26c6288d, org.springframework.security.web.authentication.logout.LogoutFilter@8ce3f27, org.springframework.security.web.authentication.www.BasicAuthenticationFilter@6b4fd7d, org.springframework.security.web.savedrequest.RequestCacheAwareFilter@49925d21, org.springframework.security.web.servletapi.SecurityContextHolderAwareRequestFilter@2e0163cb, org.springframework.security.web.authentication.AnonymousAuthenticationFilter@990b86b, org.springframework.security.web.session.SessionManagementFilter@49f2646, org.springframework.security.web.access.ExceptionTranslationFilter@2986427e, org.springframework.security.web.access.intercept.FilterSecurityInterceptor@407b41e6]
2017-09-13 21:40:20,788 INFO [main] o.s.w.s.v.v.VelocityConfigurer - ClasspathResourceLoader with name 'springMacro' added to configured VelocityEngine
2017-09-13 21:40:21,366 INFO [main] o.s.j.e.a.AnnotationMBeanExporter - Registering beans for JMX exposure on startup
2017-09-13 21:40:21,480 INFO [main] application - Initializing Spring FrameworkServlet 'dispatcherServlet'
2017-09-13 21:40:21,481 INFO [main] o.s.web.servlet.DispatcherServlet - FrameworkServlet 'dispatcherServlet': initialization started
2017-09-13 21:40:21,500 INFO [main] o.s.web.servlet.DispatcherServlet - FrameworkServlet 'dispatcherServlet': initialization completed in 19 ms
2017-09-13 21:40:21,756 INFO [main] o.e.jetty.server.AbstractConnector - Stopped ServerConnector@41f23499{HTTP/1.1,[http/1.1]}{0.0.0.0:80}
2017-09-13 21:40:21,758 INFO [main] application - Destroying Spring FrameworkServlet 'dispatcherServlet'
2017-09-13 21:40:21,759 INFO [main] o.e.j.server.handler.ContextHandler - Stopped o.s.b.c.e.j.JettyEmbeddedWebAppContext@78d73b1b{/,file:///C:/Users/%E6%9E%97%E6%BC%A0/AppData/Local/Temp/jetty-docbase.4052639096434034429.80/,UNAVAILABLE}
2017-09-13 21:40:21,766 INFO [main] o.s.b.a.l.AutoConfigurationReportLoggingInitializer - 

Error starting ApplicationContext. To display the auto-configuration report re-run your application with 'debug' enabled.
2017-09-13 21:40:21,846 INFO [main] o.s.b.c.e.AnnotationConfigEmbeddedWebApplicationContext - Closing org.springframework.boot.context.embedded.AnnotationConfigEmbeddedWebApplicationContext@3e27ba32: startup date [Wed Sep 13 21:39:18 CST 2017]; root of context hierarchy
2017-09-13 21:40:21,850 INFO [main] o.s.j.e.a.AnnotationMBeanExporter - Unregistering JMX-exposed beans on shutdown
2017-09-13 21:40:21,850 INFO [main] o.s.o.j.LocalContainerEntityManagerFactoryBean - Closing JPA EntityManagerFactory for persistence unit 'default'
